\BOOKMARK [1][-]{section*.5}{\376\377\000M\036\345\000c\000\040\000l\036\345\000c}{}% 1
\BOOKMARK [1][-]{section*.6}{\376\377\000D\000a\000n\000h\000\040\000s\000\341\000c\000h\000\040\000h\000\354\000n\000h\000\040\000v\036\275}{}% 2
\BOOKMARK [1][-]{section.1}{\376\377\000G\000i\036\333\000i\000\040\000t\000h\000i\036\307\000u}{}% 3
\BOOKMARK [2][-]{subsection.1.1}{\376\377\000G\000i\036\333\000i\000\040\000t\000h\000i\036\307\000u\000\040\001\021\036\301\000\040\000t\000\340\000i}{section.1}% 4
\BOOKMARK [2][-]{subsection.1.2}{\376\377\000L\000\375\000\040\000d\000o\000\040\000c\000h\036\315\000n\000\040\001\021\036\301\000\040\000t\000\340\000i}{section.1}% 5
\BOOKMARK [2][-]{subsection.1.3}{\376\377\000P\000h\036\241\000m\000\040\000v\000i\000\040\001\021\036\301\000\040\000t\000\340\000i}{section.1}% 6
\BOOKMARK [2][-]{subsection.1.4}{\376\377\000Q\000u\000\341\000\040\000t\000r\000\354\000n\000h\000\040\000t\000h\036\361\000c\000\040\000h\000i\036\307\000n}{section.1}% 7
\BOOKMARK [1][-]{section.2}{\376\377\000C\000\364\000n\000g\000\040\000t\000r\000\354\000n\000h\000\040\000l\000i\000\352\000n\000\040\000q\000u\000a\000n}{}% 8
\BOOKMARK [2][-]{subsection.2.1}{\376\377\000C\000\341\000i\000\040\000n\000h\000\354\000n\000\040\000t\000o\000\340\000n\000\040\000c\036\243\000n\000h}{section.2}% 9
\BOOKMARK [2][-]{subsection.2.2}{\376\377\000W\000H\000O\000O\000O\000O\000O\000O\000\040\000?\000\040\000z\000a\000n\000i\000b\000b\000i\000\040\000:\000\040\000W\000a\000t\000c\000h\000,\000\040\000A\000t\000t\000e\000n\000d\000\040\000a\000n\000d\000\040\000P\000a\000r\000s\000e\000:\000\040\000A\000n\000\040\000E\000n\000d\000-\000t\000o\000-\000e\000n\000d\000\040\000N\000e\000u\000r\000a\000l\000\040\000N\000e\000t\000w\000o\000r\000k\000\040\000B\000a\000s\000e\000d\000\040\000A\000p\000p\000r\000o\000a\000c\000h\000\040\000t\000o\000\040\000H\000a\000n\000d\000w\000r\000i\000t\000t\000e\000n\000\040\000M\000a\000t\000h\000e\000m\000a\000t\000i\000c\000a\000l\000\040\000E\000x\000p\000r\000e\000s\000s\000i\000o\000n\000\040\000R\000e\000c\000o\000g\000n\000i\000t\000i\000o\000n}{section.2}% 10
\BOOKMARK [3][-]{subsubsection.2.2.1}{\376\377\000W\000a\000t\000c\000h\000e\000r}{subsection.2.2}% 11
\BOOKMARK [3][-]{subsubsection.2.2.2}{\376\377\000A\000t\000t\000e\000n\000d}{subsection.2.2}% 12
\BOOKMARK [3][-]{subsubsection.2.2.3}{\376\377\000P\000a\000r\000s\000e\000r}{subsection.2.2}% 13
\BOOKMARK [2][-]{subsection.2.3}{\376\377\000W\000e\000n\000h\000a\000o\000\040\000H\000e\000c\000o\000n\000t\000e\000x\000t\000:\000\040\000C\000o\000n\000t\000e\000x\000t\000-\000a\000w\000a\000r\000e\000\040\000R\000e\000c\000o\000g\000n\000i\000t\000i\000o\000n}{section.2}% 14
\BOOKMARK [2][-]{subsection.2.4}{\376\377\000Q\000A\000K\000q\000a\000k}{section.2}% 15
\BOOKMARK [1][-]{section.3}{\376\377\000M\000\364\000\040\000h\000\354\000n\000h\000\040\001\021\036\301\000\040\000x\000u\036\245\000t}{}% 16
\BOOKMARK [2][-]{subsection.3.1}{\376\377\000M\036\241\000n\000g\000\040\000S\000i\000n\000g\000l\000e\000\040\000S\000h\000o\000t\000\040\000M\000u\000l\000t\000i\000b\000o\000x\000\040\000D\000e\000t\000e\000c\000t\000o\000r\000\040\000\050\000S\000S\000D\000\051}{section.3}% 17
\BOOKMARK [3][-]{subsubsection.3.1.1}{\376\377\000B\036\331\000\040\000m\000\343\000\040\000h\000\363\000a\000\040\000\050\000E\000n\000c\000o\000d\000e\000r\000\051}{subsection.3.1}% 18
\BOOKMARK [3][-]{subsubsection.3.1.2}{\376\377\000B\036\331\000\040\000t\000r\000\355\000c\000h\000\040\001\021\036\267\000c\000\040\000t\000r\001\260\000n\000g\000\040\000-\000\040\000p\000h\000\342\000n\000\040\000l\000o\036\241\000i}{subsection.3.1}% 19
\BOOKMARK [3][-]{subsubsection.3.1.3}{\376\377\000T\000\355\000n\000h\000\040\000g\000i\000\341\000\040\000t\000r\036\313\000\040\000m\036\245\000t\000\040\000m\000\341\000t}{subsection.3.1}% 20
\BOOKMARK [3][-]{subsubsection.3.1.4}{\376\377\000B\036\331\000\040\000g\000i\036\243\000i\000\040\000m\000\343\000\040\000\050\000D\000e\000c\000o\000d\000e\000r\000\051}{subsection.3.1}% 21
\BOOKMARK [3][-]{subsubsection.3.1.5}{\376\377\000M\036\331\000t\000\040\000s\036\321\000\040\000v\036\245\000n\000\040\001\021\036\301\000\040\000k\000h\000\341\000c\000\040\000t\000r\000o\000n\000g\000\040\000m\036\241\000n\000g\000\040\000S\000S\000D}{subsection.3.1}% 22
\BOOKMARK [2][-]{subsection.3.2}{\376\377\000B\036\331\000\040\000p\000h\000\342\000n\000\040\000t\000\355\000c\000h\000\040\000c\000\372\000\040\000p\000h\000\341\000p\000\040\000D\000r\000a\000c\000u\000l\000a\000e}{section.3}% 23
\BOOKMARK [3][-]{subsubsection.3.2.1}{\376\377\000S\000i\000n\000h\000\040\000c\000\342\000y\000\040\000B\000S\000T}{subsection.3.2}% 24
\BOOKMARK [1][-]{section.4}{\376\377\000C\000\364\000n\000g\000\040\000v\000i\036\307\000c\000\040\000t\000h\036\361\000c\000\040\000h\000i\036\307\000n}{}% 25
\BOOKMARK [2][-]{subsection.4.1}{\376\377\000C\000h\000u\036\251\000n\000\040\000b\036\313\000\040\000d\036\357\000\040\000l\000i\036\307\000u}{section.4}% 26
\BOOKMARK [2][-]{subsection.4.2}{\376\377\000H\000u\036\245\000n\000\040\000l\000u\000y\036\307\000n\000\040\000m\036\241\000n\000g\000\040\000S\000S\000D}{section.4}% 27
\BOOKMARK [3][-]{subsubsection.4.2.1}{\376\377\000Q\000u\000\341\000\040\000t\000r\000\354\000n\000h\000\040\000t\000i\036\301\000n\000\040\000h\000u\036\245\000n\000\040\000l\000u\000y\036\307\000n}{subsection.4.2}% 28
\BOOKMARK [2][-]{subsection.4.3}{\376\377\000X\000\342\000y\000\040\000d\036\361\000n\000g\000\040\000c\000h\001\260\001\241\000n\000g\000\040\000t\000r\000\354\000n\000h\000\040\000s\000i\000n\000h\000\040\000m\000\343\000\040\000l\000a\000t\000e\000x}{section.4}% 29
\BOOKMARK [1][-]{section.5}{\376\377\000T\036\325\000n\000g\000\040\000k\036\277\000t}{}% 30
\BOOKMARK [2][-]{subsection.5.1}{\376\377\000C\000\364\000n\000g\000\040\000v\000i\036\307\000c\000\040\001\021\000\343\000\040\000l\000\340\000m\000\040\001\021\001\260\036\343\000c}{section.5}% 31
\BOOKMARK [3][-]{subsubsection.5.1.1}{\376\377\000C\000h\000u\036\251\000n\000\040\000b\036\313\000\040\000c\001\241\000\040\000s\036\337\000\040\000l\000\375\000\040\000t\000h\000u\000y\036\277\000t}{subsection.5.1}% 32
\BOOKMARK [3][-]{subsubsection.5.1.2}{\376\377\000X\000\342\000y\000\040\000d\036\361\000n\000g\000\040\000b\036\243\000n\000\040\000t\000h\036\355\000\040\000n\000g\000h\000i\036\307\000m}{subsection.5.1}% 33
\BOOKMARK [2][-]{subsection.5.2}{\376\377\000N\000h\036\255\000n\000\040\000x\000\351\000t\000\040\000b\036\243\000n\000\040\000t\000h\036\355\000\040\000n\000g\000h\000i\036\307\000m\000\040\000h\000i\036\307\000n\000\040\000t\036\241\000i}{section.5}% 34
\BOOKMARK [2][-]{subsection.5.3}{\376\377\000K\036\277\000\040\000h\000o\036\241\000c\000h\000\040\000t\000r\000o\000n\000g\000\040\000g\000i\000a\000i\000\040\001\021\000o\036\241\000n\000\040\000t\036\333\000i}{section.5}% 35
\BOOKMARK [1][-]{section*.19}{\376\377\000T\000\340\000i\000\040\000l\000i\003\043\000u}{}% 36
